<?xml version="1.0" encoding="UTF-8"?>
<testng-results ignored="0" total="1" passed="1" failed="0" skipped="0">
  <reporter-output>
  </reporter-output>
  <suite started-at="2024-07-08T14:32:18 IST" name="Default suite" finished-at="2024-07-08T14:32:44 IST" duration-ms="26567">
    <groups>
    </groups>
    <test started-at="2024-07-08T14:32:18 IST" name="Default test" finished-at="2024-07-08T14:32:44 IST" duration-ms="26567">
      <class name="com.ShoppersStack.testScripts.Verify_User_is_able_to_add_address_or_not_Test">
        <test-method is-config="true" signature="beforeSuite()[pri:0, instance:com.ShoppersStack.testScripts.Verify_User_is_able_to_add_address_or_not_Test@6150c3ec]" started-at="2024-07-08T14:32:18 IST" name="beforeSuite" finished-at="2024-07-08T14:32:18 IST" duration-ms="9" status="PASS">
          <reporter-output>
          </reporter-output>
        </test-method> <!-- beforeSuite -->
        <test-method is-config="true" signature="beforeTest()[pri:0, instance:com.ShoppersStack.testScripts.Verify_User_is_able_to_add_address_or_not_Test@6150c3ec]" started-at="2024-07-08T14:32:18 IST" name="beforeTest" finished-at="2024-07-08T14:32:18 IST" duration-ms="243" status="PASS">
          <reporter-output>
          </reporter-output>
        </test-method> <!-- beforeTest -->
        <test-method is-config="true" signature="beforeClass()[pri:0, instance:com.ShoppersStack.testScripts.Verify_User_is_able_to_add_address_or_not_Test@6150c3ec]" started-at="2024-07-08T14:32:18 IST" name="beforeClass" finished-at="2024-07-08T14:32:24 IST" duration-ms="6291" status="PASS">
          <reporter-output>
          </reporter-output>
        </test-method> <!-- beforeClass -->
        <test-method is-config="true" signature="beforeMethod()[pri:0, instance:com.ShoppersStack.testScripts.Verify_User_is_able_to_add_address_or_not_Test@6150c3ec]" started-at="2024-07-08T14:32:24 IST" name="beforeMethod" finished-at="2024-07-08T14:32:33 IST" duration-ms="8602" status="PASS">
          <reporter-output>
          </reporter-output>
        </test-method> <!-- beforeMethod -->
        <test-method signature="addAddress()[pri:0, instance:com.ShoppersStack.testScripts.Verify_User_is_able_to_add_address_or_not_Test@6150c3ec]" started-at="2024-07-08T14:32:33 IST" name="addAddress" finished-at="2024-07-08T14:32:39 IST" duration-ms="6456" status="PASS">
          <reporter-output>
          </reporter-output>
        </test-method> <!-- addAddress -->
        <test-method is-config="true" signature="afterMethod()[pri:0, instance:com.ShoppersStack.testScripts.Verify_User_is_able_to_add_address_or_not_Test@6150c3ec]" started-at="2024-07-08T14:32:39 IST" name="afterMethod" finished-at="2024-07-08T14:32:40 IST" duration-ms="527" status="PASS">
          <reporter-output>
          </reporter-output>
        </test-method> <!-- afterMethod -->
        <test-method is-config="true" signature="afterclass()[pri:0, instance:com.ShoppersStack.testScripts.Verify_User_is_able_to_add_address_or_not_Test@6150c3ec]" started-at="2024-07-08T14:32:40 IST" name="afterclass" finished-at="2024-07-08T14:32:43 IST" duration-ms="3459" status="PASS">
          <reporter-output>
          </reporter-output>
        </test-method> <!-- afterclass -->
        <test-method is-config="true" signature="afterTest()[pri:0, instance:com.ShoppersStack.testScripts.Verify_User_is_able_to_add_address_or_not_Test@6150c3ec]" started-at="2024-07-08T14:32:43 IST" name="afterTest" finished-at="2024-07-08T14:32:44 IST" duration-ms="941" status="PASS">
          <reporter-output>
          </reporter-output>
        </test-method> <!-- afterTest -->
        <test-method is-config="true" signature="afterSuite()[pri:0, instance:com.ShoppersStack.testScripts.Verify_User_is_able_to_add_address_or_not_Test@6150c3ec]" started-at="2024-07-08T14:32:44 IST" name="afterSuite" finished-at="2024-07-08T14:32:44 IST" duration-ms="5" status="PASS">
          <reporter-output>
          </reporter-output>
        </test-method> <!-- afterSuite -->
      </class> <!-- com.ShoppersStack.testScripts.Verify_User_is_able_to_add_address_or_not_Test -->
    </test> <!-- Default test -->
  </suite> <!-- Default suite -->
</testng-results>
